<?xml version="1.0" encoding="UTF-8"?>
<testsuite name="CinemaTests" tests="1" skipped="0" failures="0" errors="0" timestamp="2021-12-03T02:15:19" hostname="Hyeseungs-MacBook-Pro.local" time="8.296">
  <properties/>
  <testcase name="start" classname="CinemaTests" time="8.296"/>
  <system-out><![CDATA[?[1;31m
Start test 1?[0m

  .   ____          _            __ _ _
 /\\ / ___'_ __ _ _(_)_ __  __ _ \ \ \ \
( ( )\___ | '_ | '_| | '_ \/ _` | \ \ \ \
 \\/  ___)| |_)| | | | | || (_| |  ) ) ) )
  '  |____| .__|_| |_|_| |_\__, | / / / /
 =========|_|==============|___/=/_/_/_/
 :: Spring Boot ::                (v2.5.6)

2021-12-03 11:15:24.804  INFO 44594 --- [    Test worker] cinema.Main                              : Starting Main using Java 17.0.1 on Hyeseungs-MacBook-Pro.local with PID 44594 (started by litaro in /Users/litaro/Desktop/POC/Cinema Room REST Service/Cinema Room REST Service/task)
2021-12-03 11:15:24.809  INFO 44594 --- [    Test worker] cinema.Main                              : No active profile set, falling back to default profiles: default
2021-12-03 11:15:26.114  INFO 44594 --- [    Test worker] o.s.b.w.embedded.tomcat.TomcatWebServer  : Tomcat initialized with port(s): 28852 (http)
2021-12-03 11:15:26.125  INFO 44594 --- [    Test worker] o.apache.catalina.core.StandardService   : Starting service [Tomcat]
2021-12-03 11:15:26.126  INFO 44594 --- [    Test worker] org.apache.catalina.core.StandardEngine  : Starting Servlet engine: [Apache Tomcat/9.0.54]
2021-12-03 11:15:26.199  INFO 44594 --- [    Test worker] o.a.c.c.C.[Tomcat].[localhost].[/]       : Initializing Spring embedded WebApplicationContext
2021-12-03 11:15:26.200  INFO 44594 --- [    Test worker] w.s.c.ServletWebServerApplicationContext : Root WebApplicationContext: initialization completed in 1337 ms
2021-12-03 11:15:26.813  INFO 44594 --- [    Test worker] o.s.b.a.e.web.EndpointLinksResolver      : Exposing 14 endpoint(s) beneath base path '/actuator'
2021-12-03 11:15:26.851  INFO 44594 --- [    Test worker] o.s.b.w.embedded.tomcat.TomcatWebServer  : Tomcat started on port(s): 28852 (http) with context path ''
2021-12-03 11:15:26.865  INFO 44594 --- [    Test worker] cinema.Main                              : Started Main in 7.424 seconds (JVM running for 8.086)
2021-12-03 11:15:27.220  INFO 44594 --- [io-28852-exec-1] o.a.c.c.C.[Tomcat].[localhost].[/]       : Initializing Spring DispatcherServlet 'dispatcherServlet'
2021-12-03 11:15:27.220  INFO 44594 --- [io-28852-exec-1] o.s.web.servlet.DispatcherServlet        : Initializing Servlet 'dispatcherServlet'
2021-12-03 11:15:27.222  INFO 44594 --- [io-28852-exec-1] o.s.web.servlet.DispatcherServlet        : Completed initialization in 2 ms
?[1;31m
Start test 2?[0m
?[1;31m
Start test 3?[0m
?[1;31m
Start test 4?[0m
?[1;31m
Start test 5?[0m
?[1;31m
Start test 6?[0m
?[1;31m
Start test 7?[0m
?[1;31m
Start test 8?[0m
?[1;31m
Start test 9?[0m
?[1;31m
Start test 10?[0m
?[1;31m
Start test 11?[0m
?[1;31m
Start test 12?[0m
]]></system-out>
  <system-err><![CDATA[]]></system-err>
</testsuite>
