<?xml version="1.0" encoding="UTF-8"?>
<testsuite name="Tests" tests="1" skipped="0" failures="0" errors="0" timestamp="2021-12-02T01:45:36" hostname="Hyeseungs-MBP" time="3.063">
  <properties/>
  <testcase name="start" classname="Tests" time="3.063"/>
  <system-out><![CDATA[?[1;31m
Start test 1?[0m

  .   ____          _            __ _ _
 /\\ / ___'_ __ _ _(_)_ __  __ _ \ \ \ \
( ( )\___ | '_ | '_| | '_ \/ _` | \ \ \ \
 \\/  ___)| |_)| | | | | || (_| |  ) ) ) )
  '  |____| .__|_| |_|_| |_\__, | / / / /
 =========|_|==============|___/=/_/_/_/
 :: Spring Boot ::        (v2.3.1.RELEASE)

2021-12-02 10:45:36.890  INFO 33894 --- [    Test worker] task.Main                                : Starting Main on Hyeseungs-MBP with PID 33894 (started by litaro in /Users/litaro/Desktop/POC/Cinema Room REST Service/Topics/Posting and deleting data via REST/Storing user names)
2021-12-02 10:45:36.893  INFO 33894 --- [    Test worker] task.Main                                : No active profile set, falling back to default profiles: default
2021-12-02 10:45:38.218  INFO 33894 --- [    Test worker] o.s.b.w.embedded.tomcat.TomcatWebServer  : Tomcat initialized with port(s): 28852 (http)
2021-12-02 10:45:38.230  INFO 33894 --- [    Test worker] o.apache.catalina.core.StandardService   : Starting service [Tomcat]
2021-12-02 10:45:38.231  INFO 33894 --- [    Test worker] org.apache.catalina.core.StandardEngine  : Starting Servlet engine: [Apache Tomcat/9.0.36]
2021-12-02 10:45:38.333  INFO 33894 --- [    Test worker] o.a.c.c.C.[Tomcat].[localhost].[/]       : Initializing Spring embedded WebApplicationContext
2021-12-02 10:45:38.334  INFO 33894 --- [    Test worker] w.s.c.ServletWebServerApplicationContext : Root WebApplicationContext: initialization completed in 1395 ms
2021-12-02 10:45:38.592  INFO 33894 --- [    Test worker] o.s.s.concurrent.ThreadPoolTaskExecutor  : Initializing ExecutorService 'applicationTaskExecutor'
2021-12-02 10:45:38.859  INFO 33894 --- [    Test worker] o.s.b.a.e.web.EndpointLinksResolver      : Exposing 14 endpoint(s) beneath base path '/actuator'
2021-12-02 10:45:38.904  INFO 33894 --- [    Test worker] o.s.b.w.embedded.tomcat.TomcatWebServer  : Tomcat started on port(s): 28852 (http) with context path ''
2021-12-02 10:45:38.917  INFO 33894 --- [    Test worker] task.Main                                : Started Main in 2.365 seconds (JVM running for 3.027)
2021-12-02 10:45:39.237  INFO 33894 --- [io-28852-exec-1] o.a.c.c.C.[Tomcat].[localhost].[/]       : Initializing Spring DispatcherServlet 'dispatcherServlet'
2021-12-02 10:45:39.238  INFO 33894 --- [io-28852-exec-1] o.s.web.servlet.DispatcherServlet        : Initializing Servlet 'dispatcherServlet'
2021-12-02 10:45:39.247  INFO 33894 --- [io-28852-exec-1] o.s.web.servlet.DispatcherServlet        : Completed initialization in 9 ms
?[1;31m
Start test 2?[0m
?[1;31m
Start test 3?[0m
?[1;31m
Start test 4?[0m
?[1;31m
Start test 5?[0m
?[1;31m
Start test 6?[0m
?[1;31m
Start test 7?[0m
]]></system-out>
  <system-err><![CDATA[]]></system-err>
</testsuite>
