<?xml version="1.0" encoding="UTF-8"?>
<testsuite name="WebCalculatorApplicationTest" tests="1" skipped="0" failures="0" errors="0" timestamp="2021-12-02T01:27:20" hostname="Hyeseungs-MBP" time="2.991">
  <properties/>
  <testcase name="start" classname="WebCalculatorApplicationTest" time="2.991"/>
  <system-out><![CDATA[?[1;31m
Start test 1?[0m

  .   ____          _            __ _ _
 /\\ / ___'_ __ _ _(_)_ __  __ _ \ \ \ \
( ( )\___ | '_ | '_| | '_ \/ _` | \ \ \ \
 \\/  ___)| |_)| | | | | || (_| |  ) ) ) )
  '  |____| .__|_| |_|_| |_\__, | / / / /
 =========|_|==============|___/=/_/_/_/
 :: Spring Boot ::        (v2.3.1.RELEASE)

2021-12-02 10:27:21.243  INFO 33679 --- [    Test worker] calculator.WebCalculatorApplication      : Starting WebCalculatorApplication on Hyeseungs-MBP with PID 33679 (started by litaro in /Users/litaro/Desktop/POC/Cinema Room REST Service/Topics/Posting and deleting data via REST/Web calculator)
2021-12-02 10:27:21.246  INFO 33679 --- [    Test worker] calculator.WebCalculatorApplication      : No active profile set, falling back to default profiles: default
2021-12-02 10:27:22.524  INFO 33679 --- [    Test worker] o.s.b.w.embedded.tomcat.TomcatWebServer  : Tomcat initialized with port(s): 8889 (http)
2021-12-02 10:27:22.536  INFO 33679 --- [    Test worker] o.apache.catalina.core.StandardService   : Starting service [Tomcat]
2021-12-02 10:27:22.537  INFO 33679 --- [    Test worker] org.apache.catalina.core.StandardEngine  : Starting Servlet engine: [Apache Tomcat/9.0.36]
2021-12-02 10:27:22.625  INFO 33679 --- [    Test worker] o.a.c.c.C.[Tomcat].[localhost].[/]       : Initializing Spring embedded WebApplicationContext
2021-12-02 10:27:22.625  INFO 33679 --- [    Test worker] w.s.c.ServletWebServerApplicationContext : Root WebApplicationContext: initialization completed in 1339 ms
2021-12-02 10:27:22.867  INFO 33679 --- [    Test worker] o.s.s.concurrent.ThreadPoolTaskExecutor  : Initializing ExecutorService 'applicationTaskExecutor'
2021-12-02 10:27:23.132  INFO 33679 --- [    Test worker] o.s.b.a.e.web.EndpointLinksResolver      : Exposing 14 endpoint(s) beneath base path '/actuator'
2021-12-02 10:27:23.173  INFO 33679 --- [    Test worker] o.s.b.w.embedded.tomcat.TomcatWebServer  : Tomcat started on port(s): 8889 (http) with context path ''
2021-12-02 10:27:23.184  INFO 33679 --- [    Test worker] calculator.WebCalculatorApplication      : Started WebCalculatorApplication in 2.248 seconds (JVM running for 2.896)
2021-12-02 10:27:23.514  INFO 33679 --- [nio-8889-exec-1] o.a.c.c.C.[Tomcat].[localhost].[/]       : Initializing Spring DispatcherServlet 'dispatcherServlet'
2021-12-02 10:27:23.514  INFO 33679 --- [nio-8889-exec-1] o.s.web.servlet.DispatcherServlet        : Initializing Servlet 'dispatcherServlet'
2021-12-02 10:27:23.523  INFO 33679 --- [nio-8889-exec-1] o.s.web.servlet.DispatcherServlet        : Completed initialization in 9 ms
?[1;31m
Start test 2?[0m
?[1;31m
Start test 3?[0m
?[1;31m
Start test 4?[0m
]]></system-out>
  <system-err><![CDATA[]]></system-err>
</testsuite>
